<?xml version="1.0" encoding="UTF-8"?>
<!-- Generated by org.testng.reporters.JUnitXMLReporter -->
<testsuite ignored="0" hostname="DESKTOP-377NK29" failures="0" tests="2" name="Default test" time="31.951" errors="0" timestamp="2019-10-15T15:07:53 EAT">
  <testcase classname="com.automa.tests.RegistrationTest" name="registerWithUiqueValidEmailAddess" time="2.599"/>
  <testcase classname="com.automa.tests.RegistrationTest" name="createAccountSuccessfullyWithAllRequiredValidData" time="8.666"/>
</testsuite> <!-- Default test -->
