<?xml version="1.0" encoding="UTF-8"?>
<!-- Generated by org.testng.reporters.JUnitXMLReporter -->
<testsuite ignored="0" hostname="DESKTOP-377NK29" failures="0" tests="2" name="Default test" time="25.399" errors="0" timestamp="2019-10-09T17:58:54 EAT">
  <testcase classname="com.automationpractice.tests.RegistrationTest" name="registerWithUiqueValidEmailAddess" time="2.383"/>
  <testcase classname="com.automationpractice.tests.RegistrationTest" name="createAccountSuccessfullyWithAllRequiredValidData" time="3.675"/>
</testsuite> <!-- Default test -->
