<?xml version="1.0" encoding="UTF-8"?>
<!-- Generated by org.testng.reporters.JUnitXMLReporter -->
<testsuite ignored="0" hostname="DESKTOP-377NK29" failures="0" tests="3" name="AutomationPracticeTest 1" time="28.842" errors="0" timestamp="2019-10-16T08:03:40 EAT">
  <testcase classname="com.automa.tests.LoginTest" name="login" time="3.408"/>
  <testcase classname="com.automa.tests.LoginTest" name="login" time="2.766"/>
  <testcase classname="com.automa.tests.LoginTest" name="login" time="2.809"/>
</testsuite> <!-- AutomationPracticeTest 1 -->
