<?xml version="1.0" encoding="UTF-8"?>
<!-- Generated by org.testng.reporters.JUnitXMLReporter -->
<testsuite ignored="0" hostname="DESKTOP-377NK29" failures="0" tests="2" name="AutomationPracticeTest 1" time="0.087" errors="0" timestamp="2019-10-15T14:34:55 EAT">
  <testcase classname="com.automa.tests.BaseTest" name="@BeforeTest setupWebDriver" time="0.027">
    <failure type="java.lang.NoSuchMethodError" message="org.slf4j.impl.StaticLoggerBinder.getSingleton()Lorg/slf4j/impl/StaticLoggerBinder;">
      <![CDATA[java.lang.NoSuchMethodError: org.slf4j.impl.StaticLoggerBinder.getSingleton()Lorg/slf4j/impl/StaticLoggerBinder;
at org.slf4j.LoggerFactory.bind(LoggerFactory.java:150)
at org.slf4j.LoggerFactory.performInitialization(LoggerFactory.java:124)
at org.slf4j.LoggerFactory.getILoggerFactory(LoggerFactory.java:412)
at org.slf4j.LoggerFactory.getLogger(LoggerFactory.java:357)
at org.slf4j.LoggerFactory.getLogger(LoggerFactory.java:383)
at io.github.bonigarcia.wdm.WebDriverManager.<clinit>(WebDriverManager.java:93)
at com.automa.tests.BaseTest.setupLocalDriver(BaseTest.java:56)
at com.automa.tests.BaseTest.setupWebDriver(BaseTest.java:44)
... Removed 24 stack frames]]>
    </failure>
  </testcase> <!-- @BeforeTest setupWebDriver -->
  <testcase classname="com.automa.tests.BaseTest" name="@BeforeMethod loadWebApplication" time="0.0">
    <failure type="java.lang.NullPointerException">
      <![CDATA[java.lang.NullPointerException
at com.automa.tests.BaseTest.loadWebApplication(BaseTest.java:91)
at java.base/java.util.ArrayList.forEach(ArrayList.java:1540)
... Removed 31 stack frames]]>
    </failure>
  </testcase> <!-- @BeforeMethod loadWebApplication -->
  <testcase classname="com.automa.tests.BaseTest" name="@AfterMethod deleteAllCookies" time="0.0">
    <failure type="java.lang.NullPointerException">
      <![CDATA[java.lang.NullPointerException
at com.automa.tests.BaseTest.deleteAllCookies(BaseTest.java:98)
at java.base/java.util.ArrayList.forEach(ArrayList.java:1540)
... Removed 32 stack frames]]>
    </failure>
  </testcase> <!-- @AfterMethod deleteAllCookies -->
  <testcase classname="com.automa.tests.BaseTest" name="@BeforeMethod loadWebApplication" time="0.0">
    <failure type="java.lang.NullPointerException">
      <![CDATA[java.lang.NullPointerException
at com.automa.tests.BaseTest.loadWebApplication(BaseTest.java:91)
at java.base/java.util.ArrayList.forEach(ArrayList.java:1540)
... Removed 31 stack frames]]>
    </failure>
  </testcase> <!-- @BeforeMethod loadWebApplication -->
  <testcase classname="com.automa.tests.BaseTest" name="@AfterMethod deleteAllCookies" time="0.0">
    <failure type="java.lang.NullPointerException">
      <![CDATA[java.lang.NullPointerException
at com.automa.tests.BaseTest.deleteAllCookies(BaseTest.java:98)
at java.base/java.util.ArrayList.forEach(ArrayList.java:1540)
... Removed 32 stack frames]]>
    </failure>
  </testcase> <!-- @AfterMethod deleteAllCookies -->
  <testcase classname="com.automa.tests.BaseTest" name="@AfterTest tearDownSuite" time="0.0">
    <failure type="java.lang.NullPointerException">
      <![CDATA[java.lang.NullPointerException
at com.automa.tests.BaseTest.tearDownSuite(BaseTest.java:103)
... Removed 24 stack frames]]>
    </failure>
  </testcase> <!-- @AfterTest tearDownSuite -->
  <testcase classname="com.automa.tests.LoginTest" name="verifyValidLoginEmailAddress" time="0.0">
    <skipped/>
  </testcase> <!-- verifyValidLoginEmailAddress -->
  <testcase classname="com.automa.tests.LoginTest" name="loginWithValidCredentials" time="0.0">
    <skipped/>
  </testcase> <!-- loginWithValidCredentials -->
</testsuite> <!-- AutomationPracticeTest 1 -->
