<?xml version="1.0" encoding="UTF-8"?>
<!-- Generated by org.testng.reporters.JUnitXMLReporter -->
<testsuite ignored="1" hostname="DESKTOP-377NK29" failures="0" tests="3" name="SearchClothes-1" time="0.044" errors="0" timestamp="2019-10-16T08:12:56 EAT">
  <testcase classname="com.automa.tests.iContextDataProviderTest" name="groupA" time="0.006"/>
  <testcase classname="com.automa.tests.iContextDataProviderTest" name="groupA" time="0.001"/>
  <testcase classname="com.automa.tests.iContextDataProviderTest" name="groupA" time="0.002"/>
  <testcase classname="com.automa.tests.iContextDataProviderTest" name="groupX" time="0.0">
    <ignored/>
  </testcase> <!-- groupX -->
</testsuite> <!-- SearchClothes-1 -->
