<?xml version="1.0" encoding="UTF-8"?>
<!-- Generated by org.testng.reporters.JUnitXMLReporter -->
<testsuite hostname="DESKTOP-SHV77TK" ignored="1" name="SearchClothes-1" tests="3" failures="0" timestamp="2019-10-28T19:22:18 EAT" time="0.197" errors="0">
  <testcase name="groupA" time="0.025" classname="com.automa.tests.iContextDataProviderTest"/>
  <testcase name="groupA" time="0.004" classname="com.automa.tests.iContextDataProviderTest"/>
  <testcase name="groupA" time="0.011" classname="com.automa.tests.iContextDataProviderTest"/>
  <testcase name="groupX" time="0.0" classname="com.automa.tests.iContextDataProviderTest">
    <ignored/>
  </testcase> <!-- groupX -->
</testsuite> <!-- SearchClothes-1 -->
