<?xml version="1.0" encoding="UTF-8"?>
<!-- Generated by org.testng.reporters.JUnitXMLReporter -->
<testsuite hostname="DESKTOP-SHV77TK" ignored="1" name="SearchClothes-2" tests="3" failures="0" timestamp="2019-10-28T19:22:18 EAT" time="0.024" errors="0">
  <testcase name="groupX" time="0.002" classname="com.automa.tests.iContextDataProviderTest"/>
  <testcase name="groupX" time="0.003" classname="com.automa.tests.iContextDataProviderTest"/>
  <testcase name="groupX" time="0.002" classname="com.automa.tests.iContextDataProviderTest"/>
  <testcase name="groupA" time="0.0" classname="com.automa.tests.iContextDataProviderTest">
    <ignored/>
  </testcase> <!-- groupA -->
</testsuite> <!-- SearchClothes-2 -->
