<?xml version="1.0" encoding="UTF-8"?>
<testng-results ignored="0" total="3" passed="3" failed="0" skipped="0">
  <reporter-output>
  </reporter-output>
  <suite started-at="2019-10-31T18:50:34 EAT" name="Default suite" finished-at="2019-10-31T18:51:02 EAT" duration-ms="28348">
    <groups>
    </groups>
    <test started-at="2019-10-31T18:50:34 EAT" name="Default test" finished-at="2019-10-31T18:51:02 EAT" duration-ms="28348">
      <class name="com.automa.tests.LoginDataProviderTest">
        <test-method is-config="true" signature="setupWebDriver()[pri:0, instance:com.automa.tests.LoginDataProviderTest@77167fb7]" started-at="2019-10-31T18:50:34 EAT" name="setupWebDriver" finished-at="2019-10-31T18:50:41 EAT" duration-ms="6744" status="PASS">
          <reporter-output>
          </reporter-output>
        </test-method> <!-- setupWebDriver -->
        <test-method is-config="true" signature="loadWebApplication()[pri:0, instance:com.automa.tests.LoginDataProviderTest@77167fb7]" started-at="2019-10-31T18:50:41 EAT" name="loadWebApplication" finished-at="2019-10-31T18:50:54 EAT" duration-ms="13074" status="PASS">
          <reporter-output>
          </reporter-output>
        </test-method> <!-- loadWebApplication -->
        <test-method signature="login(java.lang.String, java.lang.String)[pri:0, instance:com.automa.tests.LoginDataProviderTest@77167fb7]" started-at="2019-10-31T18:50:54 EAT" name="login" data-provider="LoginData" finished-at="2019-10-31T18:50:54 EAT" duration-ms="5" status="PASS">
          <params>
            <param index="0">
              <value is-null="true"/>
            </param>
            <param index="1">
              <value is-null="true"/>
            </param>
          </params>
          <reporter-output>
          </reporter-output>
        </test-method> <!-- login -->
        <test-method is-config="true" signature="deleteAllCookies()[pri:0, instance:com.automa.tests.LoginDataProviderTest@77167fb7]" started-at="2019-10-31T18:50:54 EAT" name="deleteAllCookies" finished-at="2019-10-31T18:50:54 EAT" duration-ms="10" status="PASS">
          <reporter-output>
          </reporter-output>
        </test-method> <!-- deleteAllCookies -->
        <test-method is-config="true" signature="loadWebApplication()[pri:0, instance:com.automa.tests.LoginDataProviderTest@77167fb7]" started-at="2019-10-31T18:50:54 EAT" name="loadWebApplication" finished-at="2019-10-31T18:50:56 EAT" duration-ms="2322" status="PASS">
          <reporter-output>
          </reporter-output>
        </test-method> <!-- loadWebApplication -->
        <test-method signature="login(java.lang.String, java.lang.String)[pri:0, instance:com.automa.tests.LoginDataProviderTest@77167fb7]" started-at="2019-10-31T18:50:56 EAT" name="login" data-provider="LoginData" finished-at="2019-10-31T18:50:56 EAT" duration-ms="1" status="PASS">
          <params>
            <param index="0">
              <value is-null="true"/>
            </param>
            <param index="1">
              <value>
                <![CDATA[28328719@Aut?!]]>
              </value>
            </param>
          </params>
          <reporter-output>
          </reporter-output>
        </test-method> <!-- login -->
        <test-method is-config="true" signature="deleteAllCookies()[pri:0, instance:com.automa.tests.LoginDataProviderTest@77167fb7]" started-at="2019-10-31T18:50:56 EAT" name="deleteAllCookies" finished-at="2019-10-31T18:50:56 EAT" duration-ms="10" status="PASS">
          <reporter-output>
          </reporter-output>
        </test-method> <!-- deleteAllCookies -->
        <test-method is-config="true" signature="loadWebApplication()[pri:0, instance:com.automa.tests.LoginDataProviderTest@77167fb7]" started-at="2019-10-31T18:50:56 EAT" name="loadWebApplication" finished-at="2019-10-31T18:51:02 EAT" duration-ms="5508" status="PASS">
          <reporter-output>
          </reporter-output>
        </test-method> <!-- loadWebApplication -->
        <test-method signature="login(java.lang.String, java.lang.String)[pri:0, instance:com.automa.tests.LoginDataProviderTest@77167fb7]" started-at="2019-10-31T18:51:02 EAT" name="login" data-provider="LoginData" finished-at="2019-10-31T18:51:02 EAT" duration-ms="1" status="PASS">
          <params>
            <param index="0">
              <value is-null="true"/>
            </param>
            <param index="1">
              <value>
                <![CDATA[28328719@Aut?!]]>
              </value>
            </param>
          </params>
          <reporter-output>
          </reporter-output>
        </test-method> <!-- login -->
        <test-method is-config="true" signature="deleteAllCookies()[pri:0, instance:com.automa.tests.LoginDataProviderTest@77167fb7]" started-at="2019-10-31T18:51:02 EAT" name="deleteAllCookies" finished-at="2019-10-31T18:51:02 EAT" duration-ms="9" status="PASS">
          <reporter-output>
          </reporter-output>
        </test-method> <!-- deleteAllCookies -->
        <test-method is-config="true" signature="tearDownSuite()[pri:0, instance:com.automa.tests.LoginDataProviderTest@77167fb7]" started-at="2019-10-31T18:51:02 EAT" name="tearDownSuite" finished-at="2019-10-31T18:51:02 EAT" duration-ms="586" status="PASS">
          <reporter-output>
          </reporter-output>
        </test-method> <!-- tearDownSuite -->
      </class> <!-- com.automa.tests.LoginDataProviderTest -->
    </test> <!-- Default test -->
  </suite> <!-- Default suite -->
</testng-results>
