<?xml version="1.0" encoding="UTF-8"?>
<!-- Generated by org.testng.reporters.JUnitXMLReporter -->
<testsuite ignored="2" hostname="DESKTOP-377NK29" failures="0" tests="2" name="AutomationPracticeTest" time="20.321" errors="0" timestamp="2019-10-10T10:33:56 EAT">
  <testcase classname="com.automa.tests.AuthenticationpageTest" name="verifyAuthenticationPageTitle" time="2.071"/>
  <testcase classname="com.automa.tests.HomepageTest" name="verifyHomepageTitle" time="0.007"/>
  <testcase classname="com.automa.tests.BaseTest" name="@AfterTest tearDownSuite" time="0.0">
    <ignored/>
  </testcase> <!-- @AfterTest tearDownSuite -->
  <testcase classname="com.automa.tests.BaseTest" name="@BeforeTest setupWebDriver" time="0.0">
    <ignored/>
  </testcase> <!-- @BeforeTest setupWebDriver -->
</testsuite> <!-- AutomationPracticeTest -->
